[0.039s] Invoking command in '/home/tomasz/Desktop/sese_ws/build/gs_cpp': CMAKE_PREFIX_PATH=${CMAKE_PREFIX_PATH}:/home/tomasz/Desktop/sese_ws/install/py_srvcli:/home/tomasz/Desktop/sese_ws/install/python_parameters:/home/tomasz/Desktop/sese_ws/install/py_pubsub:/home/tomasz/Desktop/sese_ws/install/my_package:/home/tomasz/Desktop/sese_ws/install/launch_testing_examples:/home/tomasz/Desktop/sese_ws/install/gs_package:/home/tomasz/Desktop/sese_ws/install/examples_rclpy_pointcloud_publisher:/home/tomasz/Desktop/sese_ws/install/examples_rclpy_minimal_subscriber:/home/tomasz/Desktop/sese_ws/install/examples_rclpy_minimal_service:/home/tomasz/Desktop/sese_ws/install/examples_rclpy_minimal_publisher:/home/tomasz/Desktop/sese_ws/install/examples_rclpy_minimal_client:/home/tomasz/Desktop/sese_ws/install/examples_rclpy_minimal_action_server:/home/tomasz/Desktop/sese_ws/install/examples_rclpy_minimal_action_client:/home/tomasz/Desktop/sese_ws/install/examples_rclpy_guard_conditions:/home/tomasz/Desktop/sese_ws/install/examples_rclpy_executors:/opt/ros/jazzy DEBUGINFOD_URLS=https://debuginfod.ubuntu.com /usr/bin/cmake --build /home/tomasz/Desktop/sese_ws/build/gs_cpp -- -j16 -l16
[0.117s] -- Found ament_cmake: 2.5.3 (/opt/ros/jazzy/share/ament_cmake/cmake)
[0.789s] -- Found rclcpp: 28.1.6 (/opt/ros/jazzy/share/rclcpp/cmake)
[0.869s] -- Found rosidl_generator_c: 4.6.5 (/opt/ros/jazzy/share/rosidl_generator_c/cmake)
[0.892s] -- Found rosidl_generator_cpp: 4.6.5 (/opt/ros/jazzy/share/rosidl_generator_cpp/cmake)
[0.924s] -- Using all available rosidl_typesupport_c: rosidl_typesupport_fastrtps_c;rosidl_typesupport_introspection_c
[0.960s] -- Using all available rosidl_typesupport_cpp: rosidl_typesupport_fastrtps_cpp;rosidl_typesupport_introspection_cpp
[1.123s] -- Found rmw_implementation_cmake: 7.3.1 (/opt/ros/jazzy/share/rmw_implementation_cmake/cmake)
[1.129s] -- Found rmw_fastrtps_cpp: 8.4.1 (/opt/ros/jazzy/share/rmw_fastrtps_cpp/cmake)
[1.309s] -- Using RMW implementation 'rmw_fastrtps_cpp' as default
[1.480s] -- Found std_msgs: 5.3.5 (/opt/ros/jazzy/share/std_msgs/cmake)
[1.515s] -- Found visualization_msgs: 5.3.5 (/opt/ros/jazzy/share/visualization_msgs/cmake)
[1.713s] -- Found ament_lint_auto: 0.17.1 (/opt/ros/jazzy/share/ament_lint_auto/cmake)
[1.974s] -- Added test 'cppcheck' to perform static code analysis on C / C++ code
[1.974s] -- Configured cppcheck include dirs: 
[1.974s] -- Configured cppcheck exclude dirs and/or files: 
[1.975s] -- Added test 'flake8' to check Python code syntax and style conventions
[1.975s] -- Configured 'flake8' exclude dirs and/or files: 
[1.976s] -- Added test 'lint_cmake' to check CMake code style
[1.977s] -- Added test 'pep257' to check Python code against some of the docstring style conventions in PEP 257
[1.980s] -- Added test 'uncrustify' to check C / C++ code style
[1.980s] -- Configured uncrustify additional arguments: 
[1.981s] -- Added test 'xmllint' to check XML markup files
[1.983s] -- Configuring done (1.9s)
[2.024s] -- Generating done (0.0s)
[2.039s] -- Build files have been written to: /home/tomasz/Desktop/sese_ws/build/gs_cpp
[2.148s] [ 25%] [32mBuilding CXX object CMakeFiles/subscribe.dir/src/gs_transmitter.cpp.o[0m
[2.178s] [ 50%] [32mBuilding CXX object CMakeFiles/publish.dir/src/gs_publisher.cpp.o[0m
[2.803s] [01m[K/home/tomasz/Desktop/sese_ws/src/gs_cpp/src/gs_publisher.cpp:7:10:[m[K [01;31m[Kfatal error: [m[Kvisualization_msgs/msg/marker.hpp: No such file or directory
[2.803s]     7 | #include [01;31m[K"visualization_msgs/msg/marker.hpp"[m[K
[2.804s]       |          [01;31m[K^~~~~~~~~~~~~~~~~~~~~~~~~~~~~~~~~~~[m[K
[2.804s] compilation terminated.
[2.817s] gmake[2]: *** [CMakeFiles/publish.dir/build.make:76: CMakeFiles/publish.dir/src/gs_publisher.cpp.o] Error 1
[2.818s] gmake[1]: *** [CMakeFiles/Makefile2:139: CMakeFiles/publish.dir/all] Error 2
[2.818s] gmake[1]: *** Waiting for unfinished jobs....
[7.182s] [01m[K/home/tomasz/Desktop/sese_ws/src/gs_cpp/src/gs_transmitter.cpp:39:3:[m[K [01;31m[Kerror: [m[KISO C++ forbids declaration of â€˜[01m[KMinimalPublisher[m[Kâ€™ with no type [[01;31m[K]8;;https://gcc.gnu.org/onlinedocs/gcc/Warning-Options.html#index-fpermissive-fpermissive]8;;[m[K]
[7.182s]    39 |   [01;31m[KMinimalPublisher[m[K()
[7.183s]       |   [01;31m[K^~~~~~~~~~~~~~~~[m[K
[7.188s] [01m[K/home/tomasz/Desktop/sese_ws/src/gs_cpp/src/gs_transmitter.cpp:[m[K In member function â€˜[01m[Kint MinimalTransmitter::[01;32m[KMinimalPublisher[m[K()[m[Kâ€™:
[7.188s] [01m[K/home/tomasz/Desktop/sese_ws/src/gs_cpp/src/gs_transmitter.cpp:40:5:[m[K [01;31m[Kerror: [m[Konly constructors take member initializers
[7.188s]    40 |   : [01;31m[KNode[m[K("minimal_publisher"), count_(0)
[7.189s]       |     [01;31m[K^~~~[m[K
[7.195s] [01m[K/home/tomasz/Desktop/sese_ws/src/gs_cpp/src/gs_transmitter.cpp:80:3:[m[K [01;35m[Kwarning: [m[Kno return statement in function returning non-void [[01;35m[K]8;;https://gcc.gnu.org/onlinedocs/gcc/Warning-Options.html#index-Wreturn-type-Wreturn-type]8;;[m[K]
[7.195s]    80 |   [01;35m[K}[m[K
[7.195s]       |   [01;35m[K^[m[K
[7.206s] [01m[K/home/tomasz/Desktop/sese_ws/src/gs_cpp/src/gs_transmitter.cpp:[m[K In function â€˜[01m[Kint[01;32m[K main[m[K(int, char**)[m[Kâ€™:
[7.206s] [01m[K/home/tomasz/Desktop/sese_ws/src/gs_cpp/src/gs_transmitter.cpp:92:33:[m[K [01;31m[Kerror: [m[Kâ€˜[01m[KMinimalPublisher[m[Kâ€™ was not declared in this scope
[7.206s]    92 |   rclcpp::spin(std::make_shared<[01;31m[KMinimalPublisher[m[K>());
[7.206s]       |                                 [01;31m[K^~~~~~~~~~~~~~~~[m[K
[7.207s] [01m[K/home/tomasz/Desktop/sese_ws/src/gs_cpp/src/gs_transmitter.cpp:92:50:[m[K [01;31m[Kerror: [m[Kno matching function for call to â€˜[01m[Kmake_shared<<expression error> >()[m[Kâ€™
[7.207s]    92 |   rclcpp::spin([01;31m[Kstd::make_shared<MinimalPublisher>()[m[K);
[7.207s]       |                [01;31m[K~~~~~~~~~~~~~~~~~~~~~~~~~~~~~~~~~~^~[m[K
[7.207s] In file included from [01m[K/usr/include/c++/13/memory:80[m[K,
[7.207s]                  from [01m[K/home/tomasz/Desktop/sese_ws/src/gs_cpp/src/gs_transmitter.cpp:2[m[K:
[7.207s] [01m[K/usr/include/c++/13/bits/shared_ptr.h:1005:5:[m[K [01;36m[Knote: [m[Kcandidate: â€˜[01m[Ktemplate<class _Tp, class ... _Args> std::shared_ptr<typename std::enable_if<(! std::is_array< <template-parameter-1-1> >::value), _Tp>::type> std::[01;32m[Kmake_shared[m[K(_Args&& ...)[m[Kâ€™
[7.207s]  1005 |     [01;36m[Kmake_shared[m[K(_Args&&... __args)
[7.207s]       |     [01;36m[K^~~~~~~~~~~[m[K
[7.208s] [01m[K/usr/include/c++/13/bits/shared_ptr.h:1005:5:[m[K [01;36m[Knote: [m[K  template argument deduction/substitution failed:
[7.208s] [01m[K/home/tomasz/Desktop/sese_ws/src/gs_cpp/src/gs_transmitter.cpp:92:50:[m[K [01;31m[Kerror: [m[Ktemplate argument 1 is invalid
[7.208s]    92 |   rclcpp::spin([01;31m[Kstd::make_shared<MinimalPublisher>()[m[K);
[7.208s]       |                [01;31m[K~~~~~~~~~~~~~~~~~~~~~~~~~~~~~~~~~~^~[m[K
[9.295s] gmake[2]: *** [CMakeFiles/subscribe.dir/build.make:76: CMakeFiles/subscribe.dir/src/gs_transmitter.cpp.o] Error 1
[9.295s] gmake[1]: *** [CMakeFiles/Makefile2:165: CMakeFiles/subscribe.dir/all] Error 2
[9.295s] gmake: *** [Makefile:146: all] Error 2
[9.298s] Invoked command in '/home/tomasz/Desktop/sese_ws/build/gs_cpp' returned '2': CMAKE_PREFIX_PATH=${CMAKE_PREFIX_PATH}:/home/tomasz/Desktop/sese_ws/install/py_srvcli:/home/tomasz/Desktop/sese_ws/install/python_parameters:/home/tomasz/Desktop/sese_ws/install/py_pubsub:/home/tomasz/Desktop/sese_ws/install/my_package:/home/tomasz/Desktop/sese_ws/install/launch_testing_examples:/home/tomasz/Desktop/sese_ws/install/gs_package:/home/tomasz/Desktop/sese_ws/install/examples_rclpy_pointcloud_publisher:/home/tomasz/Desktop/sese_ws/install/examples_rclpy_minimal_subscriber:/home/tomasz/Desktop/sese_ws/install/examples_rclpy_minimal_service:/home/tomasz/Desktop/sese_ws/install/examples_rclpy_minimal_publisher:/home/tomasz/Desktop/sese_ws/install/examples_rclpy_minimal_client:/home/tomasz/Desktop/sese_ws/install/examples_rclpy_minimal_action_server:/home/tomasz/Desktop/sese_ws/install/examples_rclpy_minimal_action_client:/home/tomasz/Desktop/sese_ws/install/examples_rclpy_guard_conditions:/home/tomasz/Desktop/sese_ws/install/examples_rclpy_executors:/opt/ros/jazzy DEBUGINFOD_URLS=https://debuginfod.ubuntu.com /usr/bin/cmake --build /home/tomasz/Desktop/sese_ws/build/gs_cpp -- -j16 -l16
