[0.042s] Invoking command in '/home/tomasz/Desktop/sese_ws/build/gs_cpp': CMAKE_PREFIX_PATH=${CMAKE_PREFIX_PATH}:/home/tomasz/Desktop/sese_ws/install/py_srvcli:/home/tomasz/Desktop/sese_ws/install/python_parameters:/home/tomasz/Desktop/sese_ws/install/py_pubsub:/home/tomasz/Desktop/sese_ws/install/my_package:/home/tomasz/Desktop/sese_ws/install/launch_testing_examples:/home/tomasz/Desktop/sese_ws/install/gs_package:/home/tomasz/Desktop/sese_ws/install/examples_rclpy_pointcloud_publisher:/home/tomasz/Desktop/sese_ws/install/examples_rclpy_minimal_subscriber:/home/tomasz/Desktop/sese_ws/install/examples_rclpy_minimal_service:/home/tomasz/Desktop/sese_ws/install/examples_rclpy_minimal_publisher:/home/tomasz/Desktop/sese_ws/install/examples_rclpy_minimal_client:/home/tomasz/Desktop/sese_ws/install/examples_rclpy_minimal_action_server:/home/tomasz/Desktop/sese_ws/install/examples_rclpy_minimal_action_client:/home/tomasz/Desktop/sese_ws/install/examples_rclpy_guard_conditions:/home/tomasz/Desktop/sese_ws/install/examples_rclpy_executors:/opt/ros/jazzy DEBUGINFOD_URLS=https://debuginfod.ubuntu.com /usr/bin/cmake --build /home/tomasz/Desktop/sese_ws/build/gs_cpp -- -j16 -l16
[0.179s] -- Found ament_cmake: 2.5.3 (/opt/ros/jazzy/share/ament_cmake/cmake)
[1.029s] -- Found rclcpp: 28.1.6 (/opt/ros/jazzy/share/rclcpp/cmake)
[1.135s] -- Found rosidl_generator_c: 4.6.5 (/opt/ros/jazzy/share/rosidl_generator_c/cmake)
[1.165s] -- Found rosidl_generator_cpp: 4.6.5 (/opt/ros/jazzy/share/rosidl_generator_cpp/cmake)
[1.212s] -- Using all available rosidl_typesupport_c: rosidl_typesupport_fastrtps_c;rosidl_typesupport_introspection_c
[1.257s] -- Using all available rosidl_typesupport_cpp: rosidl_typesupport_fastrtps_cpp;rosidl_typesupport_introspection_cpp
[1.459s] -- Found rmw_implementation_cmake: 7.3.1 (/opt/ros/jazzy/share/rmw_implementation_cmake/cmake)
[1.468s] -- Found rmw_fastrtps_cpp: 8.4.1 (/opt/ros/jazzy/share/rmw_fastrtps_cpp/cmake)
[1.694s] -- Using RMW implementation 'rmw_fastrtps_cpp' as default
[1.890s] -- Found std_msgs: 5.3.5 (/opt/ros/jazzy/share/std_msgs/cmake)
[1.929s] -- Found visualization_msgs: 5.3.5 (/opt/ros/jazzy/share/visualization_msgs/cmake)
[2.140s] -- Found ament_lint_auto: 0.17.1 (/opt/ros/jazzy/share/ament_lint_auto/cmake)
[2.401s] -- Added test 'cppcheck' to perform static code analysis on C / C++ code
[2.402s] -- Configured cppcheck include dirs: 
[2.402s] -- Configured cppcheck exclude dirs and/or files: 
[2.403s] -- Added test 'flake8' to check Python code syntax and style conventions
[2.403s] -- Configured 'flake8' exclude dirs and/or files: 
[2.404s] -- Added test 'lint_cmake' to check CMake code style
[2.406s] -- Added test 'pep257' to check Python code against some of the docstring style conventions in PEP 257
[2.409s] -- Added test 'uncrustify' to check C / C++ code style
[2.410s] -- Configured uncrustify additional arguments: 
[2.411s] -- Added test 'xmllint' to check XML markup files
[2.416s] -- Configuring done (2.3s)
[2.462s] -- Generating done (0.0s)
[2.476s] -- Build files have been written to: /home/tomasz/Desktop/sese_ws/build/gs_cpp
[2.609s] [ 50%] Built target subscribe
[2.609s] [ 75%] [32mBuilding CXX object CMakeFiles/publish.dir/src/gs_publisher.cpp.o[0m
[3.321s] [01m[K/home/tomasz/Desktop/sese_ws/src/gs_cpp/src/gs_publisher.cpp:8:10:[m[K [01;31m[Kfatal error: [m[Kstd_msgs/msg/Float32.hpp: No such file or directory
[3.321s]     8 | #include [01;31m[K"std_msgs/msg/Float32.hpp"[m[K
[3.321s]       |          [01;31m[K^~~~~~~~~~~~~~~~~~~~~~~~~~[m[K
[3.321s] compilation terminated.
[3.336s] gmake[2]: *** [CMakeFiles/publish.dir/build.make:76: CMakeFiles/publish.dir/src/gs_publisher.cpp.o] Error 1
[3.336s] gmake[1]: *** [CMakeFiles/Makefile2:139: CMakeFiles/publish.dir/all] Error 2
[3.337s] gmake: *** [Makefile:146: all] Error 2
[3.344s] Invoked command in '/home/tomasz/Desktop/sese_ws/build/gs_cpp' returned '2': CMAKE_PREFIX_PATH=${CMAKE_PREFIX_PATH}:/home/tomasz/Desktop/sese_ws/install/py_srvcli:/home/tomasz/Desktop/sese_ws/install/python_parameters:/home/tomasz/Desktop/sese_ws/install/py_pubsub:/home/tomasz/Desktop/sese_ws/install/my_package:/home/tomasz/Desktop/sese_ws/install/launch_testing_examples:/home/tomasz/Desktop/sese_ws/install/gs_package:/home/tomasz/Desktop/sese_ws/install/examples_rclpy_pointcloud_publisher:/home/tomasz/Desktop/sese_ws/install/examples_rclpy_minimal_subscriber:/home/tomasz/Desktop/sese_ws/install/examples_rclpy_minimal_service:/home/tomasz/Desktop/sese_ws/install/examples_rclpy_minimal_publisher:/home/tomasz/Desktop/sese_ws/install/examples_rclpy_minimal_client:/home/tomasz/Desktop/sese_ws/install/examples_rclpy_minimal_action_server:/home/tomasz/Desktop/sese_ws/install/examples_rclpy_minimal_action_client:/home/tomasz/Desktop/sese_ws/install/examples_rclpy_guard_conditions:/home/tomasz/Desktop/sese_ws/install/examples_rclpy_executors:/opt/ros/jazzy DEBUGINFOD_URLS=https://debuginfod.ubuntu.com /usr/bin/cmake --build /home/tomasz/Desktop/sese_ws/build/gs_cpp -- -j16 -l16
