[0.038s] Invoking command in '/home/tomasz/Desktop/sese_ws/build/gs_cpp': CMAKE_PREFIX_PATH=${CMAKE_PREFIX_PATH}:/home/tomasz/Desktop/sese_ws/install/py_srvcli:/home/tomasz/Desktop/sese_ws/install/python_parameters:/home/tomasz/Desktop/sese_ws/install/py_pubsub:/home/tomasz/Desktop/sese_ws/install/my_package:/home/tomasz/Desktop/sese_ws/install/launch_testing_examples:/home/tomasz/Desktop/sese_ws/install/gs_package:/home/tomasz/Desktop/sese_ws/install/examples_rclpy_pointcloud_publisher:/home/tomasz/Desktop/sese_ws/install/examples_rclpy_minimal_subscriber:/home/tomasz/Desktop/sese_ws/install/examples_rclpy_minimal_service:/home/tomasz/Desktop/sese_ws/install/examples_rclpy_minimal_publisher:/home/tomasz/Desktop/sese_ws/install/examples_rclpy_minimal_client:/home/tomasz/Desktop/sese_ws/install/examples_rclpy_minimal_action_server:/home/tomasz/Desktop/sese_ws/install/examples_rclpy_minimal_action_client:/home/tomasz/Desktop/sese_ws/install/examples_rclpy_guard_conditions:/home/tomasz/Desktop/sese_ws/install/examples_rclpy_executors:/opt/ros/jazzy DEBUGINFOD_URLS=https://debuginfod.ubuntu.com /usr/bin/cmake --build /home/tomasz/Desktop/sese_ws/build/gs_cpp -- -j16 -l16
[0.248s] [ 50%] [32mBuilding CXX object CMakeFiles/subscribe.dir/src/gs_transmitter.cpp.o[0m
[0.248s] [ 75%] Built target publish
[4.390s] [01m[K/home/tomasz/Desktop/sese_ws/src/gs_cpp/src/gs_transmitter.cpp:39:3:[m[K [01;31m[Kerror: [m[KISO C++ forbids declaration of â€˜[01m[KMinimalPublisher[m[Kâ€™ with no type [[01;31m[K]8;;https://gcc.gnu.org/onlinedocs/gcc/Warning-Options.html#index-fpermissive-fpermissive]8;;[m[K]
[4.390s]    39 |   [01;31m[KMinimalPublisher[m[K()
[4.390s]       |   [01;31m[K^~~~~~~~~~~~~~~~[m[K
[4.394s] [01m[K/home/tomasz/Desktop/sese_ws/src/gs_cpp/src/gs_transmitter.cpp:[m[K In member function â€˜[01m[Kint MinimalTransmitter::[01;32m[KMinimalPublisher[m[K()[m[Kâ€™:
[4.394s] [01m[K/home/tomasz/Desktop/sese_ws/src/gs_cpp/src/gs_transmitter.cpp:40:5:[m[K [01;31m[Kerror: [m[Konly constructors take member initializers
[4.394s]    40 |   : [01;31m[KNode[m[K("minimal_publisher"), count_(0)
[4.394s]       |     [01;31m[K^~~~[m[K
[4.399s] [01m[K/home/tomasz/Desktop/sese_ws/src/gs_cpp/src/gs_transmitter.cpp:80:3:[m[K [01;35m[Kwarning: [m[Kno return statement in function returning non-void [[01;35m[K]8;;https://gcc.gnu.org/onlinedocs/gcc/Warning-Options.html#index-Wreturn-type-Wreturn-type]8;;[m[K]
[4.399s]    80 |   [01;35m[K}[m[K
[4.399s]       |   [01;35m[K^[m[K
[5.089s] In file included from [01m[K/usr/include/c++/13/bits/stl_tempbuf.h:61[m[K,
[5.089s]                  from [01m[K/usr/include/c++/13/memory:66[m[K,
[5.090s]                  from [01m[K/home/tomasz/Desktop/sese_ws/src/gs_cpp/src/gs_transmitter.cpp:2[m[K:
[5.090s] /usr/include/c++/13/bits/stl_construct.h: In instantiation of â€˜[01m[Kvoid std::[01;32m[K_Construct[m[K(_Tp*, _Args&& ...) [35m[K[with _Tp = MinimalTransmitter; _Args = {}][m[K[m[Kâ€™:
[5.090s] [01m[K/usr/include/c++/13/bits/alloc_traits.h:661:19:[m[K   required from â€˜[01m[Kstatic void std::allocator_traits<std::allocator<void> >::[01;32m[Kconstruct[m[K(allocator_type&, _Up*, _Args&& ...) [35m[K[with _Up = MinimalTransmitter; _Args = {}; allocator_type = std::allocator<void>][m[K[m[Kâ€™
[5.090s] [01m[K/usr/include/c++/13/bits/shared_ptr_base.h:604:39:[m[K   required from â€˜[01m[Kstd::_Sp_counted_ptr_inplace<_Tp, _Alloc, _Lp>::[01;32m[K_Sp_counted_ptr_inplace[m[K(_Alloc, _Args&& ...) [35m[K[with _Args = {}; _Tp = MinimalTransmitter; _Alloc = std::allocator<void>; __gnu_cxx::_Lock_policy _Lp = __gnu_cxx::_S_atomic][m[K[m[Kâ€™
[5.090s] [01m[K/usr/include/c++/13/bits/shared_ptr_base.h:971:16:[m[K   required from â€˜[01m[Kstd::__shared_count<_Lp>::[01;32m[K__shared_count[m[K(_Tp*&, std::_Sp_alloc_shared_tag<_Alloc>, _Args&& ...) [35m[K[with _Tp = MinimalTransmitter; _Alloc = std::allocator<void>; _Args = {}; __gnu_cxx::_Lock_policy _Lp = __gnu_cxx::_S_atomic][m[K[m[Kâ€™
[5.090s] [01m[K/usr/include/c++/13/bits/shared_ptr_base.h:1712:14:[m[K   required from â€˜[01m[Kstd::__shared_ptr<_Tp, _Lp>::[01;32m[K__shared_ptr[m[K(std::_Sp_alloc_shared_tag<_Tp>, _Args&& ...) [35m[K[with _Alloc = std::allocator<void>; _Args = {}; _Tp = MinimalTransmitter; __gnu_cxx::_Lock_policy _Lp = __gnu_cxx::_S_atomic][m[K[m[Kâ€™
[5.090s] [01m[K/usr/include/c++/13/bits/shared_ptr.h:464:59:[m[K   required from â€˜[01m[Kstd::shared_ptr<_Tp>::[01;32m[Kshared_ptr[m[K(std::_Sp_alloc_shared_tag<_Tp>, _Args&& ...) [35m[K[with _Alloc = std::allocator<void>; _Args = {}; _Tp = MinimalTransmitter][m[K[m[Kâ€™
[5.090s] [01m[K/usr/include/c++/13/bits/shared_ptr.h:1009:14:[m[K   required from â€˜[01m[Kstd::shared_ptr<typename std::enable_if<(! std::is_array< <template-parameter-1-1> >::value), _Tp>::type> std::[01;32m[Kmake_shared[m[K(_Args&& ...) [35m[K[with _Tp = MinimalTransmitter; _Args = {}; typename enable_if<(! is_array< <template-parameter-1-1> >::value), _Tp>::type = MinimalTransmitter][m[K[m[Kâ€™
[5.090s] [01m[K/home/tomasz/Desktop/sese_ws/src/gs_cpp/src/gs_transmitter.cpp:92:52:[m[K   required from here
[5.090s] [01m[K/usr/include/c++/13/bits/stl_construct.h:119:7:[m[K [01;31m[Kerror: [m[Kuse of deleted function â€˜[01m[KMinimalTransmitter::[01;32m[KMinimalTransmitter[m[K()[m[Kâ€™
[5.090s]   119 |       [01;31m[K::new((void*)__p) _Tp(std::forward<_Args>(__args)...)[m[K;
[5.090s]       |       [01;31m[K^~~~~~~~~~~~~~~~~~~~~~~~~~~~~~~~~~~~~~~~~~~~~~~~~~~~~[m[K
[5.090s] [01m[K/home/tomasz/Desktop/sese_ws/src/gs_cpp/src/gs_transmitter.cpp:36:7:[m[K [01;36m[Knote: [m[Kâ€˜[01m[KMinimalTransmitter::[01;32m[KMinimalTransmitter[m[K()[m[Kâ€™ is implicitly deleted because the default definition would be ill-formed:
[5.090s]    36 | class [01;36m[KMinimalTransmitter[m[K : public rclcpp::Node
[5.090s]       |       [01;36m[K^~~~~~~~~~~~~~~~~~[m[K
[5.091s] [01m[K/home/tomasz/Desktop/sese_ws/src/gs_cpp/src/gs_transmitter.cpp:36:7:[m[K [01;31m[Kerror: [m[Kno matching function for call to â€˜[01m[Krclcpp::Node::Node()[m[Kâ€™
[5.091s] In file included from [01m[K/opt/ros/jazzy/include/rclcpp/rclcpp/executors/single_threaded_executor.hpp:28[m[K,
[5.091s]                  from [01m[K/opt/ros/jazzy/include/rclcpp/rclcpp/executors.hpp:22[m[K,
[5.091s]                  from [01m[K/opt/ros/jazzy/include/rclcpp/rclcpp/rclcpp.hpp:172[m[K,
[5.091s]                  from [01m[K/home/tomasz/Desktop/sese_ws/src/gs_cpp/src/gs_transmitter.cpp:5[m[K:
[5.091s] [01m[K/opt/ros/jazzy/include/rclcpp/rclcpp/node.hpp:1629:3:[m[K [01;36m[Knote: [m[Kcandidate: â€˜[01m[Krclcpp::Node::[01;32m[KNode[m[K(const rclcpp::Node&, const std::string&)[m[Kâ€™
[5.091s]  1629 |   [01;36m[KNode[m[K(
[5.091s]       |   [01;36m[K^~~~[m[K
[5.091s] [01m[K/opt/ros/jazzy/include/rclcpp/rclcpp/node.hpp:1629:3:[m[K [01;36m[Knote: [m[K  candidate expects 2 arguments, 0 provided
[5.091s] [01m[K/opt/ros/jazzy/include/rclcpp/rclcpp/node.hpp:103:12:[m[K [01;36m[Knote: [m[Kcandidate: â€˜[01m[Krclcpp::Node::[01;32m[KNode[m[K(const std::string&, const std::string&, const rclcpp::NodeOptions&)[m[Kâ€™
[5.091s]   103 |   explicit [01;36m[KNode[m[K(
[5.091s]       |            [01;36m[K^~~~[m[K
[5.091s] [01m[K/opt/ros/jazzy/include/rclcpp/rclcpp/node.hpp:103:12:[m[K [01;36m[Knote: [m[K  candidate expects 3 arguments, 0 provided
[5.091s] [01m[K/opt/ros/jazzy/include/rclcpp/rclcpp/node.hpp:91:12:[m[K [01;36m[Knote: [m[Kcandidate: â€˜[01m[Krclcpp::Node::[01;32m[KNode[m[K(const std::string&, const rclcpp::NodeOptions&)[m[Kâ€™
[5.091s]    91 |   explicit [01;36m[KNode[m[K(
[5.091s]       |            [01;36m[K^~~~[m[K
[5.091s] [01m[K/opt/ros/jazzy/include/rclcpp/rclcpp/node.hpp:91:12:[m[K [01;36m[Knote: [m[K  candidate expects 2 arguments, 0 provided
[6.183s] gmake[2]: *** [CMakeFiles/subscribe.dir/build.make:76: CMakeFiles/subscribe.dir/src/gs_transmitter.cpp.o] Error 1
[6.183s] gmake[1]: *** [CMakeFiles/Makefile2:165: CMakeFiles/subscribe.dir/all] Error 2
[6.183s] gmake: *** [Makefile:146: all] Error 2
[6.186s] Invoked command in '/home/tomasz/Desktop/sese_ws/build/gs_cpp' returned '2': CMAKE_PREFIX_PATH=${CMAKE_PREFIX_PATH}:/home/tomasz/Desktop/sese_ws/install/py_srvcli:/home/tomasz/Desktop/sese_ws/install/python_parameters:/home/tomasz/Desktop/sese_ws/install/py_pubsub:/home/tomasz/Desktop/sese_ws/install/my_package:/home/tomasz/Desktop/sese_ws/install/launch_testing_examples:/home/tomasz/Desktop/sese_ws/install/gs_package:/home/tomasz/Desktop/sese_ws/install/examples_rclpy_pointcloud_publisher:/home/tomasz/Desktop/sese_ws/install/examples_rclpy_minimal_subscriber:/home/tomasz/Desktop/sese_ws/install/examples_rclpy_minimal_service:/home/tomasz/Desktop/sese_ws/install/examples_rclpy_minimal_publisher:/home/tomasz/Desktop/sese_ws/install/examples_rclpy_minimal_client:/home/tomasz/Desktop/sese_ws/install/examples_rclpy_minimal_action_server:/home/tomasz/Desktop/sese_ws/install/examples_rclpy_minimal_action_client:/home/tomasz/Desktop/sese_ws/install/examples_rclpy_guard_conditions:/home/tomasz/Desktop/sese_ws/install/examples_rclpy_executors:/opt/ros/jazzy DEBUGINFOD_URLS=https://debuginfod.ubuntu.com /usr/bin/cmake --build /home/tomasz/Desktop/sese_ws/build/gs_cpp -- -j16 -l16
