[ 25%] [32mBuilding CXX object CMakeFiles/publish.dir/src/gs_publisher.cpp.o[0m
[ 50%] [32mBuilding CXX object CMakeFiles/subscribe.dir/src/gs_transmitter.cpp.o[0m
[01m[K/home/tomasz/Desktop/sese_ws/src/gs_cpp/src/gs_publisher.cpp:7:10:[m[K [01;31m[Kfatal error: [m[Kvisualization_msgs/msg/marker.hpp: No such file or directory
    7 | #include [01;31m[K"visualization_msgs/msg/marker.hpp"[m[K
      |          [01;31m[K^~~~~~~~~~~~~~~~~~~~~~~~~~~~~~~~~~~[m[K
compilation terminated.
gmake[2]: *** [CMakeFiles/publish.dir/build.make:76: CMakeFiles/publish.dir/src/gs_publisher.cpp.o] Error 1
gmake[1]: *** [CMakeFiles/Makefile2:139: CMakeFiles/publish.dir/all] Error 2
gmake[1]: *** Waiting for unfinished jobs....
[01m[K/home/tomasz/Desktop/sese_ws/src/gs_cpp/src/gs_transmitter.cpp:39:3:[m[K [01;31m[Kerror: [m[KISO C++ forbids declaration of â€˜[01m[KMinimalPublisher[m[Kâ€™ with no type [[01;31m[K]8;;https://gcc.gnu.org/onlinedocs/gcc/Warning-Options.html#index-fpermissive-fpermissive]8;;[m[K]
   39 |   [01;31m[KMinimalPublisher[m[K()
      |   [01;31m[K^~~~~~~~~~~~~~~~[m[K
[01m[K/home/tomasz/Desktop/sese_ws/src/gs_cpp/src/gs_transmitter.cpp:[m[K In member function â€˜[01m[Kint MinimalTransmitter::[01;32m[KMinimalPublisher[m[K()[m[Kâ€™:
[01m[K/home/tomasz/Desktop/sese_ws/src/gs_cpp/src/gs_transmitter.cpp:40:5:[m[K [01;31m[Kerror: [m[Konly constructors take member initializers
   40 |   : [01;31m[KNode[m[K("minimal_publisher"), count_(0)
      |     [01;31m[K^~~~[m[K
[01m[K/home/tomasz/Desktop/sese_ws/src/gs_cpp/src/gs_transmitter.cpp:80:3:[m[K [01;35m[Kwarning: [m[Kno return statement in function returning non-void [[01;35m[K]8;;https://gcc.gnu.org/onlinedocs/gcc/Warning-Options.html#index-Wreturn-type-Wreturn-type]8;;[m[K]
   80 |   [01;35m[K}[m[K
      |   [01;35m[K^[m[K
[01m[K/home/tomasz/Desktop/sese_ws/src/gs_cpp/src/gs_transmitter.cpp:[m[K In function â€˜[01m[Kint[01;32m[K main[m[K(int, char**)[m[Kâ€™:
[01m[K/home/tomasz/Desktop/sese_ws/src/gs_cpp/src/gs_transmitter.cpp:92:33:[m[K [01;31m[Kerror: [m[Kâ€˜[01m[KMinimalPublisher[m[Kâ€™ was not declared in this scope
   92 |   rclcpp::spin(std::make_shared<[01;31m[KMinimalPublisher[m[K>());
      |                                 [01;31m[K^~~~~~~~~~~~~~~~[m[K
[01m[K/home/tomasz/Desktop/sese_ws/src/gs_cpp/src/gs_transmitter.cpp:92:50:[m[K [01;31m[Kerror: [m[Kno matching function for call to â€˜[01m[Kmake_shared<<expression error> >()[m[Kâ€™
   92 |   rclcpp::spin([01;31m[Kstd::make_shared<MinimalPublisher>()[m[K);
      |                [01;31m[K~~~~~~~~~~~~~~~~~~~~~~~~~~~~~~~~~~^~[m[K
In file included from [01m[K/usr/include/c++/13/memory:80[m[K,
                 from [01m[K/home/tomasz/Desktop/sese_ws/src/gs_cpp/src/gs_transmitter.cpp:2[m[K:
[01m[K/usr/include/c++/13/bits/shared_ptr.h:1005:5:[m[K [01;36m[Knote: [m[Kcandidate: â€˜[01m[Ktemplate<class _Tp, class ... _Args> std::shared_ptr<typename std::enable_if<(! std::is_array< <template-parameter-1-1> >::value), _Tp>::type> std::[01;32m[Kmake_shared[m[K(_Args&& ...)[m[Kâ€™
 1005 |     [01;36m[Kmake_shared[m[K(_Args&&... __args)
      |     [01;36m[K^~~~~~~~~~~[m[K
[01m[K/usr/include/c++/13/bits/shared_ptr.h:1005:5:[m[K [01;36m[Knote: [m[K  template argument deduction/substitution failed:
[01m[K/home/tomasz/Desktop/sese_ws/src/gs_cpp/src/gs_transmitter.cpp:92:50:[m[K [01;31m[Kerror: [m[Ktemplate argument 1 is invalid
   92 |   rclcpp::spin([01;31m[Kstd::make_shared<MinimalPublisher>()[m[K);
      |                [01;31m[K~~~~~~~~~~~~~~~~~~~~~~~~~~~~~~~~~~^~[m[K
gmake[2]: *** [CMakeFiles/subscribe.dir/build.make:76: CMakeFiles/subscribe.dir/src/gs_transmitter.cpp.o] Error 1
gmake[1]: *** [CMakeFiles/Makefile2:165: CMakeFiles/subscribe.dir/all] Error 2
gmake: *** [Makefile:146: all] Error 2
