[01m[K/home/tomasz/Desktop/sese_ws/src/gs_cpp/src/gs_publisher.cpp:[m[K In lambda function:
[01m[K/home/tomasz/Desktop/sese_ws/src/gs_cpp/src/gs_publisher.cpp:53:16:[m[K [01;31m[Kerror: [m[Kâ€˜[01m[Kstruct visualization_msgs::msg::Marker_<std::allocator<void> >[m[Kâ€™ has no member named â€˜[01m[Klifetome[m[Kâ€™; did you mean â€˜[01m[Klifetime[m[Kâ€™?
   53 |         marker.[01;31m[Klifetome[m[K.sec = 0;
      |                [01;31m[K^~~~~~~~[m[K
      |                [32m[Klifetime[m[K
gmake[2]: *** [CMakeFiles/publish.dir/build.make:76: CMakeFiles/publish.dir/src/gs_publisher.cpp.o] Error 1
gmake[1]: *** [CMakeFiles/Makefile2:139: CMakeFiles/publish.dir/all] Error 2
gmake: *** [Makefile:146: all] Error 2
