[0.038s] Invoking command in '/home/tomasz/Desktop/sese_ws/build/gs_cpp': CMAKE_PREFIX_PATH=${CMAKE_PREFIX_PATH}:/home/tomasz/Desktop/sese_ws/install/py_srvcli:/home/tomasz/Desktop/sese_ws/install/python_parameters:/home/tomasz/Desktop/sese_ws/install/py_pubsub:/home/tomasz/Desktop/sese_ws/install/my_package:/home/tomasz/Desktop/sese_ws/install/launch_testing_examples:/home/tomasz/Desktop/sese_ws/install/gs_package:/home/tomasz/Desktop/sese_ws/install/examples_rclpy_pointcloud_publisher:/home/tomasz/Desktop/sese_ws/install/examples_rclpy_minimal_subscriber:/home/tomasz/Desktop/sese_ws/install/examples_rclpy_minimal_service:/home/tomasz/Desktop/sese_ws/install/examples_rclpy_minimal_publisher:/home/tomasz/Desktop/sese_ws/install/examples_rclpy_minimal_client:/home/tomasz/Desktop/sese_ws/install/examples_rclpy_minimal_action_server:/home/tomasz/Desktop/sese_ws/install/examples_rclpy_minimal_action_client:/home/tomasz/Desktop/sese_ws/install/examples_rclpy_guard_conditions:/home/tomasz/Desktop/sese_ws/install/examples_rclpy_executors:/opt/ros/jazzy DEBUGINFOD_URLS=https://debuginfod.ubuntu.com /usr/bin/cmake --build /home/tomasz/Desktop/sese_ws/build/gs_cpp -- -j16 -l16
[0.246s] [ 25%] [32mBuilding CXX object CMakeFiles/publish.dir/src/gs_publisher.cpp.o[0m
[0.268s] [ 50%] [32mBuilding CXX object CMakeFiles/subscribe.dir/src/gs_transmitter.cpp.o[0m
[4.815s] [01m[K/home/tomasz/Desktop/sese_ws/src/gs_cpp/src/gs_transmitter.cpp:39:3:[m[K [01;31m[Kerror: [m[KISO C++ forbids declaration of â€˜[01m[KMinimalPublisher[m[Kâ€™ with no type [[01;31m[K]8;;https://gcc.gnu.org/onlinedocs/gcc/Warning-Options.html#index-fpermissive-fpermissive]8;;[m[K]
[4.815s]    39 |   [01;31m[KMinimalPublisher[m[K()
[4.816s]       |   [01;31m[K^~~~~~~~~~~~~~~~[m[K
[4.819s] [01m[K/home/tomasz/Desktop/sese_ws/src/gs_cpp/src/gs_transmitter.cpp:[m[K In member function â€˜[01m[Kint MinimalTransmitter::[01;32m[KMinimalPublisher[m[K()[m[Kâ€™:
[4.819s] [01m[K/home/tomasz/Desktop/sese_ws/src/gs_cpp/src/gs_transmitter.cpp:40:5:[m[K [01;31m[Kerror: [m[Konly constructors take member initializers
[4.819s]    40 |   : [01;31m[KNode[m[K("minimal_publisher"), count_(0)
[4.819s]       |     [01;31m[K^~~~[m[K
[4.825s] [01m[K/home/tomasz/Desktop/sese_ws/src/gs_cpp/src/gs_transmitter.cpp:80:3:[m[K [01;35m[Kwarning: [m[Kno return statement in function returning non-void [[01;35m[K]8;;https://gcc.gnu.org/onlinedocs/gcc/Warning-Options.html#index-Wreturn-type-Wreturn-type]8;;[m[K]
[4.825s]    80 |   [01;35m[K}[m[K
[4.825s]       |   [01;35m[K^[m[K
[4.833s] [01m[K/home/tomasz/Desktop/sese_ws/src/gs_cpp/src/gs_transmitter.cpp:[m[K In function â€˜[01m[Kint[01;32m[K main[m[K(int, char**)[m[Kâ€™:
[4.833s] [01m[K/home/tomasz/Desktop/sese_ws/src/gs_cpp/src/gs_transmitter.cpp:92:33:[m[K [01;31m[Kerror: [m[Kâ€˜[01m[KMinimalPublisher[m[Kâ€™ was not declared in this scope
[4.834s]    92 |   rclcpp::spin(std::make_shared<[01;31m[KMinimalPublisher[m[K>());
[4.834s]       |                                 [01;31m[K^~~~~~~~~~~~~~~~[m[K
[4.834s] [01m[K/home/tomasz/Desktop/sese_ws/src/gs_cpp/src/gs_transmitter.cpp:92:50:[m[K [01;31m[Kerror: [m[Kno matching function for call to â€˜[01m[Kmake_shared<<expression error> >()[m[Kâ€™
[4.834s]    92 |   rclcpp::spin([01;31m[Kstd::make_shared<MinimalPublisher>()[m[K);
[4.834s]       |                [01;31m[K~~~~~~~~~~~~~~~~~~~~~~~~~~~~~~~~~~^~[m[K
[4.834s] In file included from [01m[K/usr/include/c++/13/memory:80[m[K,
[4.834s]                  from [01m[K/home/tomasz/Desktop/sese_ws/src/gs_cpp/src/gs_transmitter.cpp:2[m[K:
[4.834s] [01m[K/usr/include/c++/13/bits/shared_ptr.h:1005:5:[m[K [01;36m[Knote: [m[Kcandidate: â€˜[01m[Ktemplate<class _Tp, class ... _Args> std::shared_ptr<typename std::enable_if<(! std::is_array< <template-parameter-1-1> >::value), _Tp>::type> std::[01;32m[Kmake_shared[m[K(_Args&& ...)[m[Kâ€™
[4.834s]  1005 |     [01;36m[Kmake_shared[m[K(_Args&&... __args)
[4.834s]       |     [01;36m[K^~~~~~~~~~~[m[K
[4.834s] [01m[K/usr/include/c++/13/bits/shared_ptr.h:1005:5:[m[K [01;36m[Knote: [m[K  template argument deduction/substitution failed:
[4.834s] [01m[K/home/tomasz/Desktop/sese_ws/src/gs_cpp/src/gs_transmitter.cpp:92:50:[m[K [01;31m[Kerror: [m[Ktemplate argument 1 is invalid
[4.834s]    92 |   rclcpp::spin([01;31m[Kstd::make_shared<MinimalPublisher>()[m[K);
[4.835s]       |                [01;31m[K~~~~~~~~~~~~~~~~~~~~~~~~~~~~~~~~~~^~[m[K
[6.560s] [ 75%] [32m[1mLinking CXX executable publish[0m
[6.705s] [ 75%] Built target publish
[6.962s] gmake[2]: *** [CMakeFiles/subscribe.dir/build.make:76: CMakeFiles/subscribe.dir/src/gs_transmitter.cpp.o] Error 1
[6.962s] gmake[1]: *** [CMakeFiles/Makefile2:165: CMakeFiles/subscribe.dir/all] Error 2
[6.962s] gmake: *** [Makefile:146: all] Error 2
[6.965s] Invoked command in '/home/tomasz/Desktop/sese_ws/build/gs_cpp' returned '2': CMAKE_PREFIX_PATH=${CMAKE_PREFIX_PATH}:/home/tomasz/Desktop/sese_ws/install/py_srvcli:/home/tomasz/Desktop/sese_ws/install/python_parameters:/home/tomasz/Desktop/sese_ws/install/py_pubsub:/home/tomasz/Desktop/sese_ws/install/my_package:/home/tomasz/Desktop/sese_ws/install/launch_testing_examples:/home/tomasz/Desktop/sese_ws/install/gs_package:/home/tomasz/Desktop/sese_ws/install/examples_rclpy_pointcloud_publisher:/home/tomasz/Desktop/sese_ws/install/examples_rclpy_minimal_subscriber:/home/tomasz/Desktop/sese_ws/install/examples_rclpy_minimal_service:/home/tomasz/Desktop/sese_ws/install/examples_rclpy_minimal_publisher:/home/tomasz/Desktop/sese_ws/install/examples_rclpy_minimal_client:/home/tomasz/Desktop/sese_ws/install/examples_rclpy_minimal_action_server:/home/tomasz/Desktop/sese_ws/install/examples_rclpy_minimal_action_client:/home/tomasz/Desktop/sese_ws/install/examples_rclpy_guard_conditions:/home/tomasz/Desktop/sese_ws/install/examples_rclpy_executors:/opt/ros/jazzy DEBUGINFOD_URLS=https://debuginfod.ubuntu.com /usr/bin/cmake --build /home/tomasz/Desktop/sese_ws/build/gs_cpp -- -j16 -l16
